[2024-08-08 14:26:18] local.ERROR: syntax error, unexpected double-quoted string ")); ?>", expecting ")" (View: /home/ifiboys/ProjetGithub/PisciSmart/pisci_smart/resources/views/layouts/guest.blade.php) (View: /home/ifiboys/ProjetGithub/PisciSmart/pisci_smart/resources/views/layouts/guest.blade.php) {"exception":"[object] (Illuminate\\View\\ViewException(code: 0): syntax error, unexpected double-quoted string \")); ?>\", expecting \")\" (View: /home/ifiboys/ProjetGithub/PisciSmart/pisci_smart/resources/views/layouts/guest.blade.php) (View: /home/ifiboys/ProjetGithub/PisciSmart/pisci_smart/resources/views/layouts/guest.blade.php) at /home/ifiboys/ProjetGithub/PisciSmart/pisci_smart/storage/framework/views/959aafcbab80abdc4f3353e21b9376fc.php:11)
[stacktrace]
#0 /home/ifiboys/ProjetGithub/PisciSmart/pisci_smart/vendor/laravel/framework/src/Illuminate/View/Engines/PhpEngine.php(60): Illuminate\\View\\Engines\\CompilerEngine->handleViewException()
#1 /home/ifiboys/ProjetGithub/PisciSmart/pisci_smart/vendor/laravel/framework/src/Illuminate/View/Engines/CompilerEngine.php(73): Illuminate\\View\\Engines\\PhpEngine->evaluatePath()
#2 /home/ifiboys/ProjetGithub/PisciSmart/pisci_smart/vendor/laravel/framework/src/Illuminate/View/View.php(208): Illuminate\\View\\Engines\\CompilerEngine->get()
#3 /home/ifiboys/ProjetGithub/PisciSmart/pisci_smart/vendor/laravel/framework/src/Illuminate/View/View.php(191): Illuminate\\View\\View->getContents()
#4 /home/ifiboys/ProjetGithub/PisciSmart/pisci_smart/vendor/laravel/framework/src/Illuminate/View/View.php(160): Illuminate\\View\\View->renderContents()
#5 /home/ifiboys/ProjetGithub/PisciSmart/pisci_smart/vendor/laravel/framework/src/Illuminate/Http/Response.php(70): Illuminate\\View\\View->render()
#6 /home/ifiboys/ProjetGithub/PisciSmart/pisci_smart/vendor/laravel/framework/src/Illuminate/Http/Response.php(35): Illuminate\\Http\\Response->setContent()
#7 /home/ifiboys/ProjetGithub/PisciSmart/pisci_smart/vendor/laravel/framework/src/Illuminate/Routing/Router.php(920): Illuminate\\Http\\Response->__construct()
#8 /home/ifiboys/ProjetGithub/PisciSmart/pisci_smart/vendor/laravel/framework/src/Illuminate/Routing/Router.php(887): Illuminate\\Routing\\Router::toResponse()
#9 /home/ifiboys/ProjetGithub/PisciSmart/pisci_smart/vendor/laravel/framework/src/Illuminate/Routing/Router.php(807): Illuminate\\Routing\\Router->prepareResponse()
#10 /home/ifiboys/ProjetGithub/PisciSmart/pisci_smart/vendor/laravel/framework/src/Illuminate/Pipeline/Pipeline.php(144): Illuminate\\Routing\\Router->Illuminate\\Routing\\{closure}()
#11 /home/ifiboys/ProjetGithub/PisciSmart/pisci_smart/vendor/laravel/framework/src/Illuminate/Auth/Middleware/RedirectIfAuthenticated.php(35): Illuminate\\Pipeline\\Pipeline->Illuminate\\Pipeline\\{closure}()
#12 /home/ifiboys/ProjetGithub/PisciSmart/pisci_smart/vendor/laravel/framework/src/Illuminate/Pipeline/Pipeline.php(183): Illuminate\\Auth\\Middleware\\RedirectIfAuthenticated->handle()
#13 /home/ifiboys/ProjetGithub/PisciSmart/pisci_smart/vendor/laravel/framework/src/Illuminate/Routing/Middleware/SubstituteBindings.php(51): Illuminate\\Pipeline\\Pipeline->Illuminate\\Pipeline\\{closure}()
#14 /home/ifiboys/ProjetGithub/PisciSmart/pisci_smart/vendor/laravel/framework/src/Illuminate/Pipeline/Pipeline.php(183): Illuminate\\Routing\\Middleware\\SubstituteBindings->handle()
#15 /home/ifiboys/ProjetGithub/PisciSmart/pisci_smart/vendor/laravel/framework/src/Illuminate/Foundation/Http/Middleware/VerifyCsrfToken.php(88): Illuminate\\Pipeline\\Pipeline->Illuminate\\Pipeline\\{closure}()
#16 /home/ifiboys/ProjetGithub/PisciSmart/pisci_smart/vendor/laravel/framework/src/Illuminate/Pipeline/Pipeline.php(183): Illuminate\\Foundation\\Http\\Middleware\\VerifyCsrfToken->handle()
#17 /home/ifiboys/ProjetGithub/PisciSmart/pisci_smart/vendor/laravel/framework/src/Illuminate/View/Middleware/ShareErrorsFromSession.php(49): Illuminate\\Pipeline\\Pipeline->Illuminate\\Pipeline\\{closure}()
#18 /home/ifiboys/ProjetGithub/PisciSmart/pisci_smart/vendor/laravel/framework/src/Illuminate/Pipeline/Pipeline.php(183): Illuminate\\View\\Middleware\\ShareErrorsFromSession->handle()
#19 /home/ifiboys/ProjetGithub/PisciSmart/pisci_smart/vendor/laravel/framework/src/Illuminate/Session/Middleware/StartSession.php(121): Illuminate\\Pipeline\\Pipeline->Illuminate\\Pipeline\\{closure}()
#20 /home/ifiboys/ProjetGithub/PisciSmart/pisci_smart/vendor/laravel/framework/src/Illuminate/Session/Middleware/StartSession.php(64): Illuminate\\Session\\Middleware\\StartSession->handleStatefulRequest()
#21 /home/ifiboys/ProjetGithub/PisciSmart/pisci_smart/vendor/laravel/framework/src/Illuminate/Pipeline/Pipeline.php(183): Illuminate\\Session\\Middleware\\StartSession->handle()
#22 /home/ifiboys/ProjetGithub/PisciSmart/pisci_smart/vendor/laravel/framework/src/Illuminate/Cookie/Middleware/AddQueuedCookiesToResponse.php(37): Illuminate\\Pipeline\\Pipeline->Illuminate\\Pipeline\\{closure}()
#23 /home/ifiboys/ProjetGithub/PisciSmart/pisci_smart/vendor/laravel/framework/src/Illuminate/Pipeline/Pipeline.php(183): Illuminate\\Cookie\\Middleware\\AddQueuedCookiesToResponse->handle()
#24 /home/ifiboys/ProjetGithub/PisciSmart/pisci_smart/vendor/laravel/framework/src/Illuminate/Cookie/Middleware/EncryptCookies.php(75): Illuminate\\Pipeline\\Pipeline->Illuminate\\Pipeline\\{closure}()
#25 /home/ifiboys/ProjetGithub/PisciSmart/pisci_smart/vendor/laravel/framework/src/Illuminate/Pipeline/Pipeline.php(183): Illuminate\\Cookie\\Middleware\\EncryptCookies->handle()
#26 /home/ifiboys/ProjetGithub/PisciSmart/pisci_smart/vendor/laravel/framework/src/Illuminate/Pipeline/Pipeline.php(119): Illuminate\\Pipeline\\Pipeline->Illuminate\\Pipeline\\{closure}()
#27 /home/ifiboys/ProjetGithub/PisciSmart/pisci_smart/vendor/laravel/framework/src/Illuminate/Routing/Router.php(807): Illuminate\\Pipeline\\Pipeline->then()
#28 /home/ifiboys/ProjetGithub/PisciSmart/pisci_smart/vendor/laravel/framework/src/Illuminate/Routing/Router.php(786): Illuminate\\Routing\\Router->runRouteWithinStack()
#29 /home/ifiboys/ProjetGithub/PisciSmart/pisci_smart/vendor/laravel/framework/src/Illuminate/Routing/Router.php(750): Illuminate\\Routing\\Router->runRoute()
#30 /home/ifiboys/ProjetGithub/PisciSmart/pisci_smart/vendor/laravel/framework/src/Illuminate/Routing/Router.php(739): Illuminate\\Routing\\Router->dispatchToRoute()
#31 /home/ifiboys/ProjetGithub/PisciSmart/pisci_smart/vendor/laravel/framework/src/Illuminate/Foundation/Http/Kernel.php(201): Illuminate\\Routing\\Router->dispatch()
#32 /home/ifiboys/ProjetGithub/PisciSmart/pisci_smart/vendor/laravel/framework/src/Illuminate/Pipeline/Pipeline.php(144): Illuminate\\Foundation\\Http\\Kernel->Illuminate\\Foundation\\Http\\{closure}()
#33 /home/ifiboys/ProjetGithub/PisciSmart/pisci_smart/vendor/laravel/framework/src/Illuminate/Foundation/Http/Middleware/TransformsRequest.php(21): Illuminate\\Pipeline\\Pipeline->Illuminate\\Pipeline\\{closure}()
#34 /home/ifiboys/ProjetGithub/PisciSmart/pisci_smart/vendor/laravel/framework/src/Illuminate/Foundation/Http/Middleware/ConvertEmptyStringsToNull.php(31): Illuminate\\Foundation\\Http\\Middleware\\TransformsRequest->handle()
#35 /home/ifiboys/ProjetGithub/PisciSmart/pisci_smart/vendor/laravel/framework/src/Illuminate/Pipeline/Pipeline.php(183): Illuminate\\Foundation\\Http\\Middleware\\ConvertEmptyStringsToNull->handle()
#36 /home/ifiboys/ProjetGithub/PisciSmart/pisci_smart/vendor/laravel/framework/src/Illuminate/Foundation/Http/Middleware/TransformsRequest.php(21): Illuminate\\Pipeline\\Pipeline->Illuminate\\Pipeline\\{closure}()
#37 /home/ifiboys/ProjetGithub/PisciSmart/pisci_smart/vendor/laravel/framework/src/Illuminate/Foundation/Http/Middleware/TrimStrings.php(51): Illuminate\\Foundation\\Http\\Middleware\\TransformsRequest->handle()
#38 /home/ifiboys/ProjetGithub/PisciSmart/pisci_smart/vendor/laravel/framework/src/Illuminate/Pipeline/Pipeline.php(183): Illuminate\\Foundation\\Http\\Middleware\\TrimStrings->handle()
#39 /home/ifiboys/ProjetGithub/PisciSmart/pisci_smart/vendor/laravel/framework/src/Illuminate/Http/Middleware/ValidatePostSize.php(27): Illuminate\\Pipeline\\Pipeline->Illuminate\\Pipeline\\{closure}()
#40 /home/ifiboys/ProjetGithub/PisciSmart/pisci_smart/vendor/laravel/framework/src/Illuminate/Pipeline/Pipeline.php(183): Illuminate\\Http\\Middleware\\ValidatePostSize->handle()
#41 /home/ifiboys/ProjetGithub/PisciSmart/pisci_smart/vendor/laravel/framework/src/Illuminate/Foundation/Http/Middleware/PreventRequestsDuringMaintenance.php(110): Illuminate\\Pipeline\\Pipeline->Illuminate\\Pipeline\\{closure}()
#42 /home/ifiboys/ProjetGithub/PisciSmart/pisci_smart/vendor/laravel/framework/src/Illuminate/Pipeline/Pipeline.php(183): Illuminate\\Foundation\\Http\\Middleware\\PreventRequestsDuringMaintenance->handle()
#43 /home/ifiboys/ProjetGithub/PisciSmart/pisci_smart/vendor/laravel/framework/src/Illuminate/Http/Middleware/HandleCors.php(49): Illuminate\\Pipeline\\Pipeline->Illuminate\\Pipeline\\{closure}()
#44 /home/ifiboys/ProjetGithub/PisciSmart/pisci_smart/vendor/laravel/framework/src/Illuminate/Pipeline/Pipeline.php(183): Illuminate\\Http\\Middleware\\HandleCors->handle()
#45 /home/ifiboys/ProjetGithub/PisciSmart/pisci_smart/vendor/laravel/framework/src/Illuminate/Http/Middleware/TrustProxies.php(57): Illuminate\\Pipeline\\Pipeline->Illuminate\\Pipeline\\{closure}()
#46 /home/ifiboys/ProjetGithub/PisciSmart/pisci_smart/vendor/laravel/framework/src/Illuminate/Pipeline/Pipeline.php(183): Illuminate\\Http\\Middleware\\TrustProxies->handle()
#47 /home/ifiboys/ProjetGithub/PisciSmart/pisci_smart/vendor/laravel/framework/src/Illuminate/Pipeline/Pipeline.php(119): Illuminate\\Pipeline\\Pipeline->Illuminate\\Pipeline\\{closure}()
#48 /home/ifiboys/ProjetGithub/PisciSmart/pisci_smart/vendor/laravel/framework/src/Illuminate/Foundation/Http/Kernel.php(176): Illuminate\\Pipeline\\Pipeline->then()
#49 /home/ifiboys/ProjetGithub/PisciSmart/pisci_smart/vendor/laravel/framework/src/Illuminate/Foundation/Http/Kernel.php(145): Illuminate\\Foundation\\Http\\Kernel->sendRequestThroughRouter()
#50 /home/ifiboys/ProjetGithub/PisciSmart/pisci_smart/vendor/laravel/framework/src/Illuminate/Foundation/Application.php(1188): Illuminate\\Foundation\\Http\\Kernel->handle()
#51 /home/ifiboys/ProjetGithub/PisciSmart/pisci_smart/public/index.php(17): Illuminate\\Foundation\\Application->handleRequest()
#52 /home/ifiboys/ProjetGithub/PisciSmart/pisci_smart/vendor/laravel/framework/src/Illuminate/Foundation/resources/server.php(23): require_once('...')
#53 {main}

[previous exception] [object] (Illuminate\\View\\ViewException(code: 0): syntax error, unexpected double-quoted string \")); ?>\", expecting \")\" (View: /home/ifiboys/ProjetGithub/PisciSmart/pisci_smart/resources/views/layouts/guest.blade.php) at /home/ifiboys/ProjetGithub/PisciSmart/pisci_smart/storage/framework/views/959aafcbab80abdc4f3353e21b9376fc.php:11)
[stacktrace]
#0 /home/ifiboys/ProjetGithub/PisciSmart/pisci_smart/vendor/laravel/framework/src/Illuminate/View/Engines/PhpEngine.php(60): Illuminate\\View\\Engines\\CompilerEngine->handleViewException()
#1 /home/ifiboys/ProjetGithub/PisciSmart/pisci_smart/vendor/laravel/framework/src/Illuminate/View/Engines/CompilerEngine.php(73): Illuminate\\View\\Engines\\PhpEngine->evaluatePath()
#2 /home/ifiboys/ProjetGithub/PisciSmart/pisci_smart/vendor/laravel/framework/src/Illuminate/View/View.php(208): Illuminate\\View\\Engines\\CompilerEngine->get()
#3 /home/ifiboys/ProjetGithub/PisciSmart/pisci_smart/vendor/laravel/framework/src/Illuminate/View/View.php(191): Illuminate\\View\\View->getContents()
#4 /home/ifiboys/ProjetGithub/PisciSmart/pisci_smart/vendor/laravel/framework/src/Illuminate/View/View.php(160): Illuminate\\View\\View->renderContents()
#5 /home/ifiboys/ProjetGithub/PisciSmart/pisci_smart/vendor/laravel/framework/src/Illuminate/View/Concerns/ManagesComponents.php(99): Illuminate\\View\\View->render()
#6 /home/ifiboys/ProjetGithub/PisciSmart/pisci_smart/storage/framework/views/7d3d52cf39059024ddb60d37ebc08535.php(304): Illuminate\\View\\Factory->renderComponent()
#7 /home/ifiboys/ProjetGithub/PisciSmart/pisci_smart/vendor/laravel/framework/src/Illuminate/Filesystem/Filesystem.php(123): require('...')
#8 /home/ifiboys/ProjetGithub/PisciSmart/pisci_smart/vendor/laravel/framework/src/Illuminate/Filesystem/Filesystem.php(124): Illuminate\\Filesystem\\Filesystem::Illuminate\\Filesystem\\{closure}()
#9 /home/ifiboys/ProjetGithub/PisciSmart/pisci_smart/vendor/laravel/framework/src/Illuminate/View/Engines/PhpEngine.php(58): Illuminate\\Filesystem\\Filesystem->getRequire()
#10 /home/ifiboys/ProjetGithub/PisciSmart/pisci_smart/vendor/laravel/framework/src/Illuminate/View/Engines/CompilerEngine.php(73): Illuminate\\View\\Engines\\PhpEngine->evaluatePath()
#11 /home/ifiboys/ProjetGithub/PisciSmart/pisci_smart/vendor/laravel/framework/src/Illuminate/View/View.php(208): Illuminate\\View\\Engines\\CompilerEngine->get()
#12 /home/ifiboys/ProjetGithub/PisciSmart/pisci_smart/vendor/laravel/framework/src/Illuminate/View/View.php(191): Illuminate\\View\\View->getContents()
#13 /home/ifiboys/ProjetGithub/PisciSmart/pisci_smart/vendor/laravel/framework/src/Illuminate/View/View.php(160): Illuminate\\View\\View->renderContents()
#14 /home/ifiboys/ProjetGithub/PisciSmart/pisci_smart/vendor/laravel/framework/src/Illuminate/Http/Response.php(70): Illuminate\\View\\View->render()
#15 /home/ifiboys/ProjetGithub/PisciSmart/pisci_smart/vendor/laravel/framework/src/Illuminate/Http/Response.php(35): Illuminate\\Http\\Response->setContent()
#16 /home/ifiboys/ProjetGithub/PisciSmart/pisci_smart/vendor/laravel/framework/src/Illuminate/Routing/Router.php(920): Illuminate\\Http\\Response->__construct()
#17 /home/ifiboys/ProjetGithub/PisciSmart/pisci_smart/vendor/laravel/framework/src/Illuminate/Routing/Router.php(887): Illuminate\\Routing\\Router::toResponse()
#18 /home/ifiboys/ProjetGithub/PisciSmart/pisci_smart/vendor/laravel/framework/src/Illuminate/Routing/Router.php(807): Illuminate\\Routing\\Router->prepareResponse()
#19 /home/ifiboys/ProjetGithub/PisciSmart/pisci_smart/vendor/laravel/framework/src/Illuminate/Pipeline/Pipeline.php(144): Illuminate\\Routing\\Router->Illuminate\\Routing\\{closure}()
#20 /home/ifiboys/ProjetGithub/PisciSmart/pisci_smart/vendor/laravel/framework/src/Illuminate/Auth/Middleware/RedirectIfAuthenticated.php(35): Illuminate\\Pipeline\\Pipeline->Illuminate\\Pipeline\\{closure}()
#21 /home/ifiboys/ProjetGithub/PisciSmart/pisci_smart/vendor/laravel/framework/src/Illuminate/Pipeline/Pipeline.php(183): Illuminate\\Auth\\Middleware\\RedirectIfAuthenticated->handle()
#22 /home/ifiboys/ProjetGithub/PisciSmart/pisci_smart/vendor/laravel/framework/src/Illuminate/Routing/Middleware/SubstituteBindings.php(51): Illuminate\\Pipeline\\Pipeline->Illuminate\\Pipeline\\{closure}()
#23 /home/ifiboys/ProjetGithub/PisciSmart/pisci_smart/vendor/laravel/framework/src/Illuminate/Pipeline/Pipeline.php(183): Illuminate\\Routing\\Middleware\\SubstituteBindings->handle()
#24 /home/ifiboys/ProjetGithub/PisciSmart/pisci_smart/vendor/laravel/framework/src/Illuminate/Foundation/Http/Middleware/VerifyCsrfToken.php(88): Illuminate\\Pipeline\\Pipeline->Illuminate\\Pipeline\\{closure}()
#25 /home/ifiboys/ProjetGithub/PisciSmart/pisci_smart/vendor/laravel/framework/src/Illuminate/Pipeline/Pipeline.php(183): Illuminate\\Foundation\\Http\\Middleware\\VerifyCsrfToken->handle()
#26 /home/ifiboys/ProjetGithub/PisciSmart/pisci_smart/vendor/laravel/framework/src/Illuminate/View/Middleware/ShareErrorsFromSession.php(49): Illuminate\\Pipeline\\Pipeline->Illuminate\\Pipeline\\{closure}()
#27 /home/ifiboys/ProjetGithub/PisciSmart/pisci_smart/vendor/laravel/framework/src/Illuminate/Pipeline/Pipeline.php(183): Illuminate\\View\\Middleware\\ShareErrorsFromSession->handle()
#28 /home/ifiboys/ProjetGithub/PisciSmart/pisci_smart/vendor/laravel/framework/src/Illuminate/Session/Middleware/StartSession.php(121): Illuminate\\Pipeline\\Pipeline->Illuminate\\Pipeline\\{closure}()
#29 /home/ifiboys/ProjetGithub/PisciSmart/pisci_smart/vendor/laravel/framework/src/Illuminate/Session/Middleware/StartSession.php(64): Illuminate\\Session\\Middleware\\StartSession->handleStatefulRequest()
#30 /home/ifiboys/ProjetGithub/PisciSmart/pisci_smart/vendor/laravel/framework/src/Illuminate/Pipeline/Pipeline.php(183): Illuminate\\Session\\Middleware\\StartSession->handle()
#31 /home/ifiboys/ProjetGithub/PisciSmart/pisci_smart/vendor/laravel/framework/src/Illuminate/Cookie/Middleware/AddQueuedCookiesToResponse.php(37): Illuminate\\Pipeline\\Pipeline->Illuminate\\Pipeline\\{closure}()
#32 /home/ifiboys/ProjetGithub/PisciSmart/pisci_smart/vendor/laravel/framework/src/Illuminate/Pipeline/Pipeline.php(183): Illuminate\\Cookie\\Middleware\\AddQueuedCookiesToResponse->handle()
#33 /home/ifiboys/ProjetGithub/PisciSmart/pisci_smart/vendor/laravel/framework/src/Illuminate/Cookie/Middleware/EncryptCookies.php(75): Illuminate\\Pipeline\\Pipeline->Illuminate\\Pipeline\\{closure}()
#34 /home/ifiboys/ProjetGithub/PisciSmart/pisci_smart/vendor/laravel/framework/src/Illuminate/Pipeline/Pipeline.php(183): Illuminate\\Cookie\\Middleware\\EncryptCookies->handle()
#35 /home/ifiboys/ProjetGithub/PisciSmart/pisci_smart/vendor/laravel/framework/src/Illuminate/Pipeline/Pipeline.php(119): Illuminate\\Pipeline\\Pipeline->Illuminate\\Pipeline\\{closure}()
#36 /home/ifiboys/ProjetGithub/PisciSmart/pisci_smart/vendor/laravel/framework/src/Illuminate/Routing/Router.php(807): Illuminate\\Pipeline\\Pipeline->then()
#37 /home/ifiboys/ProjetGithub/PisciSmart/pisci_smart/vendor/laravel/framework/src/Illuminate/Routing/Router.php(786): Illuminate\\Routing\\Router->runRouteWithinStack()
#38 /home/ifiboys/ProjetGithub/PisciSmart/pisci_smart/vendor/laravel/framework/src/Illuminate/Routing/Router.php(750): Illuminate\\Routing\\Router->runRoute()
#39 /home/ifiboys/ProjetGithub/PisciSmart/pisci_smart/vendor/laravel/framework/src/Illuminate/Routing/Router.php(739): Illuminate\\Routing\\Router->dispatchToRoute()
#40 /home/ifiboys/ProjetGithub/PisciSmart/pisci_smart/vendor/laravel/framework/src/Illuminate/Foundation/Http/Kernel.php(201): Illuminate\\Routing\\Router->dispatch()
#41 /home/ifiboys/ProjetGithub/PisciSmart/pisci_smart/vendor/laravel/framework/src/Illuminate/Pipeline/Pipeline.php(144): Illuminate\\Foundation\\Http\\Kernel->Illuminate\\Foundation\\Http\\{closure}()
#42 /home/ifiboys/ProjetGithub/PisciSmart/pisci_smart/vendor/laravel/framework/src/Illuminate/Foundation/Http/Middleware/TransformsRequest.php(21): Illuminate\\Pipeline\\Pipeline->Illuminate\\Pipeline\\{closure}()
#43 /home/ifiboys/ProjetGithub/PisciSmart/pisci_smart/vendor/laravel/framework/src/Illuminate/Foundation/Http/Middleware/ConvertEmptyStringsToNull.php(31): Illuminate\\Foundation\\Http\\Middleware\\TransformsRequest->handle()
#44 /home/ifiboys/ProjetGithub/PisciSmart/pisci_smart/vendor/laravel/framework/src/Illuminate/Pipeline/Pipeline.php(183): Illuminate\\Foundation\\Http\\Middleware\\ConvertEmptyStringsToNull->handle()
#45 /home/ifiboys/ProjetGithub/PisciSmart/pisci_smart/vendor/laravel/framework/src/Illuminate/Foundation/Http/Middleware/TransformsRequest.php(21): Illuminate\\Pipeline\\Pipeline->Illuminate\\Pipeline\\{closure}()
#46 /home/ifiboys/ProjetGithub/PisciSmart/pisci_smart/vendor/laravel/framework/src/Illuminate/Foundation/Http/Middleware/TrimStrings.php(51): Illuminate\\Foundation\\Http\\Middleware\\TransformsRequest->handle()
#47 /home/ifiboys/ProjetGithub/PisciSmart/pisci_smart/vendor/laravel/framework/src/Illuminate/Pipeline/Pipeline.php(183): Illuminate\\Foundation\\Http\\Middleware\\TrimStrings->handle()
#48 /home/ifiboys/ProjetGithub/PisciSmart/pisci_smart/vendor/laravel/framework/src/Illuminate/Http/Middleware/ValidatePostSize.php(27): Illuminate\\Pipeline\\Pipeline->Illuminate\\Pipeline\\{closure}()
#49 /home/ifiboys/ProjetGithub/PisciSmart/pisci_smart/vendor/laravel/framework/src/Illuminate/Pipeline/Pipeline.php(183): Illuminate\\Http\\Middleware\\ValidatePostSize->handle()
#50 /home/ifiboys/ProjetGithub/PisciSmart/pisci_smart/vendor/laravel/framework/src/Illuminate/Foundation/Http/Middleware/PreventRequestsDuringMaintenance.php(110): Illuminate\\Pipeline\\Pipeline->Illuminate\\Pipeline\\{closure}()
#51 /home/ifiboys/ProjetGithub/PisciSmart/pisci_smart/vendor/laravel/framework/src/Illuminate/Pipeline/Pipeline.php(183): Illuminate\\Foundation\\Http\\Middleware\\PreventRequestsDuringMaintenance->handle()
#52 /home/ifiboys/ProjetGithub/PisciSmart/pisci_smart/vendor/laravel/framework/src/Illuminate/Http/Middleware/HandleCors.php(49): Illuminate\\Pipeline\\Pipeline->Illuminate\\Pipeline\\{closure}()
#53 /home/ifiboys/ProjetGithub/PisciSmart/pisci_smart/vendor/laravel/framework/src/Illuminate/Pipeline/Pipeline.php(183): Illuminate\\Http\\Middleware\\HandleCors->handle()
#54 /home/ifiboys/ProjetGithub/PisciSmart/pisci_smart/vendor/laravel/framework/src/Illuminate/Http/Middleware/TrustProxies.php(57): Illuminate\\Pipeline\\Pipeline->Illuminate\\Pipeline\\{closure}()
#55 /home/ifiboys/ProjetGithub/PisciSmart/pisci_smart/vendor/laravel/framework/src/Illuminate/Pipeline/Pipeline.php(183): Illuminate\\Http\\Middleware\\TrustProxies->handle()
#56 /home/ifiboys/ProjetGithub/PisciSmart/pisci_smart/vendor/laravel/framework/src/Illuminate/Pipeline/Pipeline.php(119): Illuminate\\Pipeline\\Pipeline->Illuminate\\Pipeline\\{closure}()
#57 /home/ifiboys/ProjetGithub/PisciSmart/pisci_smart/vendor/laravel/framework/src/Illuminate/Foundation/Http/Kernel.php(176): Illuminate\\Pipeline\\Pipeline->then()
#58 /home/ifiboys/ProjetGithub/PisciSmart/pisci_smart/vendor/laravel/framework/src/Illuminate/Foundation/Http/Kernel.php(145): Illuminate\\Foundation\\Http\\Kernel->sendRequestThroughRouter()
#59 /home/ifiboys/ProjetGithub/PisciSmart/pisci_smart/vendor/laravel/framework/src/Illuminate/Foundation/Application.php(1188): Illuminate\\Foundation\\Http\\Kernel->handle()
#60 /home/ifiboys/ProjetGithub/PisciSmart/pisci_smart/public/index.php(17): Illuminate\\Foundation\\Application->handleRequest()
#61 /home/ifiboys/ProjetGithub/PisciSmart/pisci_smart/vendor/laravel/framework/src/Illuminate/Foundation/resources/server.php(23): require_once('...')
#62 {main}

[previous exception] [object] (ParseError(code: 0): syntax error, unexpected double-quoted string \")); ?>\", expecting \")\" at /home/ifiboys/ProjetGithub/PisciSmart/pisci_smart/storage/framework/views/959aafcbab80abdc4f3353e21b9376fc.php:11)
[stacktrace]
#0 /home/ifiboys/ProjetGithub/PisciSmart/pisci_smart/vendor/laravel/framework/src/Illuminate/Filesystem/Filesystem.php(124): Illuminate\\Filesystem\\Filesystem::Illuminate\\Filesystem\\{closure}()
#1 /home/ifiboys/ProjetGithub/PisciSmart/pisci_smart/vendor/laravel/framework/src/Illuminate/View/Engines/PhpEngine.php(58): Illuminate\\Filesystem\\Filesystem->getRequire()
#2 /home/ifiboys/ProjetGithub/PisciSmart/pisci_smart/vendor/laravel/framework/src/Illuminate/View/Engines/CompilerEngine.php(73): Illuminate\\View\\Engines\\PhpEngine->evaluatePath()
#3 /home/ifiboys/ProjetGithub/PisciSmart/pisci_smart/vendor/laravel/framework/src/Illuminate/View/View.php(208): Illuminate\\View\\Engines\\CompilerEngine->get()
#4 /home/ifiboys/ProjetGithub/PisciSmart/pisci_smart/vendor/laravel/framework/src/Illuminate/View/View.php(191): Illuminate\\View\\View->getContents()
#5 /home/ifiboys/ProjetGithub/PisciSmart/pisci_smart/vendor/laravel/framework/src/Illuminate/View/View.php(160): Illuminate\\View\\View->renderContents()
#6 /home/ifiboys/ProjetGithub/PisciSmart/pisci_smart/vendor/laravel/framework/src/Illuminate/View/Concerns/ManagesComponents.php(99): Illuminate\\View\\View->render()
#7 /home/ifiboys/ProjetGithub/PisciSmart/pisci_smart/storage/framework/views/7d3d52cf39059024ddb60d37ebc08535.php(304): Illuminate\\View\\Factory->renderComponent()
#8 /home/ifiboys/ProjetGithub/PisciSmart/pisci_smart/vendor/laravel/framework/src/Illuminate/Filesystem/Filesystem.php(123): require('...')
#9 /home/ifiboys/ProjetGithub/PisciSmart/pisci_smart/vendor/laravel/framework/src/Illuminate/Filesystem/Filesystem.php(124): Illuminate\\Filesystem\\Filesystem::Illuminate\\Filesystem\\{closure}()
#10 /home/ifiboys/ProjetGithub/PisciSmart/pisci_smart/vendor/laravel/framework/src/Illuminate/View/Engines/PhpEngine.php(58): Illuminate\\Filesystem\\Filesystem->getRequire()
#11 /home/ifiboys/ProjetGithub/PisciSmart/pisci_smart/vendor/laravel/framework/src/Illuminate/View/Engines/CompilerEngine.php(73): Illuminate\\View\\Engines\\PhpEngine->evaluatePath()
#12 /home/ifiboys/ProjetGithub/PisciSmart/pisci_smart/vendor/laravel/framework/src/Illuminate/View/View.php(208): Illuminate\\View\\Engines\\CompilerEngine->get()
#13 /home/ifiboys/ProjetGithub/PisciSmart/pisci_smart/vendor/laravel/framework/src/Illuminate/View/View.php(191): Illuminate\\View\\View->getContents()
#14 /home/ifiboys/ProjetGithub/PisciSmart/pisci_smart/vendor/laravel/framework/src/Illuminate/View/View.php(160): Illuminate\\View\\View->renderContents()
#15 /home/ifiboys/ProjetGithub/PisciSmart/pisci_smart/vendor/laravel/framework/src/Illuminate/Http/Response.php(70): Illuminate\\View\\View->render()
#16 /home/ifiboys/ProjetGithub/PisciSmart/pisci_smart/vendor/laravel/framework/src/Illuminate/Http/Response.php(35): Illuminate\\Http\\Response->setContent()
#17 /home/ifiboys/ProjetGithub/PisciSmart/pisci_smart/vendor/laravel/framework/src/Illuminate/Routing/Router.php(920): Illuminate\\Http\\Response->__construct()
#18 /home/ifiboys/ProjetGithub/PisciSmart/pisci_smart/vendor/laravel/framework/src/Illuminate/Routing/Router.php(887): Illuminate\\Routing\\Router::toResponse()
#19 /home/ifiboys/ProjetGithub/PisciSmart/pisci_smart/vendor/laravel/framework/src/Illuminate/Routing/Router.php(807): Illuminate\\Routing\\Router->prepareResponse()
#20 /home/ifiboys/ProjetGithub/PisciSmart/pisci_smart/vendor/laravel/framework/src/Illuminate/Pipeline/Pipeline.php(144): Illuminate\\Routing\\Router->Illuminate\\Routing\\{closure}()
#21 /home/ifiboys/ProjetGithub/PisciSmart/pisci_smart/vendor/laravel/framework/src/Illuminate/Auth/Middleware/RedirectIfAuthenticated.php(35): Illuminate\\Pipeline\\Pipeline->Illuminate\\Pipeline\\{closure}()
#22 /home/ifiboys/ProjetGithub/PisciSmart/pisci_smart/vendor/laravel/framework/src/Illuminate/Pipeline/Pipeline.php(183): Illuminate\\Auth\\Middleware\\RedirectIfAuthenticated->handle()
#23 /home/ifiboys/ProjetGithub/PisciSmart/pisci_smart/vendor/laravel/framework/src/Illuminate/Routing/Middleware/SubstituteBindings.php(51): Illuminate\\Pipeline\\Pipeline->Illuminate\\Pipeline\\{closure}()
#24 /home/ifiboys/ProjetGithub/PisciSmart/pisci_smart/vendor/laravel/framework/src/Illuminate/Pipeline/Pipeline.php(183): Illuminate\\Routing\\Middleware\\SubstituteBindings->handle()
#25 /home/ifiboys/ProjetGithub/PisciSmart/pisci_smart/vendor/laravel/framework/src/Illuminate/Foundation/Http/Middleware/VerifyCsrfToken.php(88): Illuminate\\Pipeline\\Pipeline->Illuminate\\Pipeline\\{closure}()
#26 /home/ifiboys/ProjetGithub/PisciSmart/pisci_smart/vendor/laravel/framework/src/Illuminate/Pipeline/Pipeline.php(183): Illuminate\\Foundation\\Http\\Middleware\\VerifyCsrfToken->handle()
#27 /home/ifiboys/ProjetGithub/PisciSmart/pisci_smart/vendor/laravel/framework/src/Illuminate/View/Middleware/ShareErrorsFromSession.php(49): Illuminate\\Pipeline\\Pipeline->Illuminate\\Pipeline\\{closure}()
#28 /home/ifiboys/ProjetGithub/PisciSmart/pisci_smart/vendor/laravel/framework/src/Illuminate/Pipeline/Pipeline.php(183): Illuminate\\View\\Middleware\\ShareErrorsFromSession->handle()
#29 /home/ifiboys/ProjetGithub/PisciSmart/pisci_smart/vendor/laravel/framework/src/Illuminate/Session/Middleware/StartSession.php(121): Illuminate\\Pipeline\\Pipeline->Illuminate\\Pipeline\\{closure}()
#30 /home/ifiboys/ProjetGithub/PisciSmart/pisci_smart/vendor/laravel/framework/src/Illuminate/Session/Middleware/StartSession.php(64): Illuminate\\Session\\Middleware\\StartSession->handleStatefulRequest()
#31 /home/ifiboys/ProjetGithub/PisciSmart/pisci_smart/vendor/laravel/framework/src/Illuminate/Pipeline/Pipeline.php(183): Illuminate\\Session\\Middleware\\StartSession->handle()
#32 /home/ifiboys/ProjetGithub/PisciSmart/pisci_smart/vendor/laravel/framework/src/Illuminate/Cookie/Middleware/AddQueuedCookiesToResponse.php(37): Illuminate\\Pipeline\\Pipeline->Illuminate\\Pipeline\\{closure}()
#33 /home/ifiboys/ProjetGithub/PisciSmart/pisci_smart/vendor/laravel/framework/src/Illuminate/Pipeline/Pipeline.php(183): Illuminate\\Cookie\\Middleware\\AddQueuedCookiesToResponse->handle()
#34 /home/ifiboys/ProjetGithub/PisciSmart/pisci_smart/vendor/laravel/framework/src/Illuminate/Cookie/Middleware/EncryptCookies.php(75): Illuminate\\Pipeline\\Pipeline->Illuminate\\Pipeline\\{closure}()
#35 /home/ifiboys/ProjetGithub/PisciSmart/pisci_smart/vendor/laravel/framework/src/Illuminate/Pipeline/Pipeline.php(183): Illuminate\\Cookie\\Middleware\\EncryptCookies->handle()
#36 /home/ifiboys/ProjetGithub/PisciSmart/pisci_smart/vendor/laravel/framework/src/Illuminate/Pipeline/Pipeline.php(119): Illuminate\\Pipeline\\Pipeline->Illuminate\\Pipeline\\{closure}()
#37 /home/ifiboys/ProjetGithub/PisciSmart/pisci_smart/vendor/laravel/framework/src/Illuminate/Routing/Router.php(807): Illuminate\\Pipeline\\Pipeline->then()
#38 /home/ifiboys/ProjetGithub/PisciSmart/pisci_smart/vendor/laravel/framework/src/Illuminate/Routing/Router.php(786): Illuminate\\Routing\\Router->runRouteWithinStack()
#39 /home/ifiboys/ProjetGithub/PisciSmart/pisci_smart/vendor/laravel/framework/src/Illuminate/Routing/Router.php(750): Illuminate\\Routing\\Router->runRoute()
#40 /home/ifiboys/ProjetGithub/PisciSmart/pisci_smart/vendor/laravel/framework/src/Illuminate/Routing/Router.php(739): Illuminate\\Routing\\Router->dispatchToRoute()
#41 /home/ifiboys/ProjetGithub/PisciSmart/pisci_smart/vendor/laravel/framework/src/Illuminate/Foundation/Http/Kernel.php(201): Illuminate\\Routing\\Router->dispatch()
#42 /home/ifiboys/ProjetGithub/PisciSmart/pisci_smart/vendor/laravel/framework/src/Illuminate/Pipeline/Pipeline.php(144): Illuminate\\Foundation\\Http\\Kernel->Illuminate\\Foundation\\Http\\{closure}()
#43 /home/ifiboys/ProjetGithub/PisciSmart/pisci_smart/vendor/laravel/framework/src/Illuminate/Foundation/Http/Middleware/TransformsRequest.php(21): Illuminate\\Pipeline\\Pipeline->Illuminate\\Pipeline\\{closure}()
#44 /home/ifiboys/ProjetGithub/PisciSmart/pisci_smart/vendor/laravel/framework/src/Illuminate/Foundation/Http/Middleware/ConvertEmptyStringsToNull.php(31): Illuminate\\Foundation\\Http\\Middleware\\TransformsRequest->handle()
#45 /home/ifiboys/ProjetGithub/PisciSmart/pisci_smart/vendor/laravel/framework/src/Illuminate/Pipeline/Pipeline.php(183): Illuminate\\Foundation\\Http\\Middleware\\ConvertEmptyStringsToNull->handle()
#46 /home/ifiboys/ProjetGithub/PisciSmart/pisci_smart/vendor/laravel/framework/src/Illuminate/Foundation/Http/Middleware/TransformsRequest.php(21): Illuminate\\Pipeline\\Pipeline->Illuminate\\Pipeline\\{closure}()
#47 /home/ifiboys/ProjetGithub/PisciSmart/pisci_smart/vendor/laravel/framework/src/Illuminate/Foundation/Http/Middleware/TrimStrings.php(51): Illuminate\\Foundation\\Http\\Middleware\\TransformsRequest->handle()
#48 /home/ifiboys/ProjetGithub/PisciSmart/pisci_smart/vendor/laravel/framework/src/Illuminate/Pipeline/Pipeline.php(183): Illuminate\\Foundation\\Http\\Middleware\\TrimStrings->handle()
#49 /home/ifiboys/ProjetGithub/PisciSmart/pisci_smart/vendor/laravel/framework/src/Illuminate/Http/Middleware/ValidatePostSize.php(27): Illuminate\\Pipeline\\Pipeline->Illuminate\\Pipeline\\{closure}()
#50 /home/ifiboys/ProjetGithub/PisciSmart/pisci_smart/vendor/laravel/framework/src/Illuminate/Pipeline/Pipeline.php(183): Illuminate\\Http\\Middleware\\ValidatePostSize->handle()
#51 /home/ifiboys/ProjetGithub/PisciSmart/pisci_smart/vendor/laravel/framework/src/Illuminate/Foundation/Http/Middleware/PreventRequestsDuringMaintenance.php(110): Illuminate\\Pipeline\\Pipeline->Illuminate\\Pipeline\\{closure}()
#52 /home/ifiboys/ProjetGithub/PisciSmart/pisci_smart/vendor/laravel/framework/src/Illuminate/Pipeline/Pipeline.php(183): Illuminate\\Foundation\\Http\\Middleware\\PreventRequestsDuringMaintenance->handle()
#53 /home/ifiboys/ProjetGithub/PisciSmart/pisci_smart/vendor/laravel/framework/src/Illuminate/Http/Middleware/HandleCors.php(49): Illuminate\\Pipeline\\Pipeline->Illuminate\\Pipeline\\{closure}()
#54 /home/ifiboys/ProjetGithub/PisciSmart/pisci_smart/vendor/laravel/framework/src/Illuminate/Pipeline/Pipeline.php(183): Illuminate\\Http\\Middleware\\HandleCors->handle()
#55 /home/ifiboys/ProjetGithub/PisciSmart/pisci_smart/vendor/laravel/framework/src/Illuminate/Http/Middleware/TrustProxies.php(57): Illuminate\\Pipeline\\Pipeline->Illuminate\\Pipeline\\{closure}()
#56 /home/ifiboys/ProjetGithub/PisciSmart/pisci_smart/vendor/laravel/framework/src/Illuminate/Pipeline/Pipeline.php(183): Illuminate\\Http\\Middleware\\TrustProxies->handle()
#57 /home/ifiboys/ProjetGithub/PisciSmart/pisci_smart/vendor/laravel/framework/src/Illuminate/Pipeline/Pipeline.php(119): Illuminate\\Pipeline\\Pipeline->Illuminate\\Pipeline\\{closure}()
#58 /home/ifiboys/ProjetGithub/PisciSmart/pisci_smart/vendor/laravel/framework/src/Illuminate/Foundation/Http/Kernel.php(176): Illuminate\\Pipeline\\Pipeline->then()
#59 /home/ifiboys/ProjetGithub/PisciSmart/pisci_smart/vendor/laravel/framework/src/Illuminate/Foundation/Http/Kernel.php(145): Illuminate\\Foundation\\Http\\Kernel->sendRequestThroughRouter()
#60 /home/ifiboys/ProjetGithub/PisciSmart/pisci_smart/vendor/laravel/framework/src/Illuminate/Foundation/Application.php(1188): Illuminate\\Foundation\\Http\\Kernel->handle()
#61 /home/ifiboys/ProjetGithub/PisciSmart/pisci_smart/public/index.php(17): Illuminate\\Foundation\\Application->handleRequest()
#62 /home/ifiboys/ProjetGithub/PisciSmart/pisci_smart/vendor/laravel/framework/src/Illuminate/Foundation/resources/server.php(23): require_once('...')
#63 {main}
"} 
